597378444
80299224
81
281499281
692515845
903753500
217622285
57
592913193
518915583
290
993015680
540938463
118
993015537
679
279
31640850
0
663207220
325
55
468546029
106072709
107960530
181619419
173226357
189439765
402278311
501253443
158
763943233
978462652
347563317
914942233
523
344
178914230
597727040
287
1244925672
740038643
188
903365922
474527128
6
512256084
25274141
138
45
276
361
122585368
958721906
264135450
59
183342122
818394887
657558288
212
245
465015873
423345815
80298893
145351778
570491141
106971917
182080792
409692548
740472920
305
82
38
1058950551
871064988
582
1129310455
177572984
781
34123434
504
398
298976218
650956035
171238804
232757283
283
1731249138
189
994450533
81688532
43532560
527136238
458631971
135680147
155584866
78513125
32627524
775396443
372867815
45262175
713790914
491798170
892864943
814735851
366968834
183713406
576398385
353
710501940
184310109
124
85182039
292292484
478533585
344
350638711
996714833
365555960
54011722
220271599
332957172
397
282728988
144567698
912504139
207579052
293435268
664646626
662406696
262137083
243657677
1514144496
527136306
480801637
467412415
391
0
505704564
177099705
688285844
491132466
562284143
1011495224
914166034
230
478
535
78818922
390328844
409184576
190089586
186237495
427063288
544974250
303036846
868769334
370404830
1885104371
451
269154751
461451553
394139901
196
889697411
136132986
6346994
740039342
485
14378247
119646734
986485659
138
35
455437182
508553366
64
79021037
649763051
6594494
239304307
418685585
98
269764754
252418010
536623284
749384147
122812516
62431464
967187206
819208992
524676918
401
680910824
396829093
617485652
254
319134232
126699224
144
294
675462139
173575060
714151823
191
304187413
38100974
559345800
506233242
683495390
358
389225670
514319015
534758478
243520991
694576333
155
102
599751006
506855544
850378965
498830748
645672572
498342262
914165430
548650490
191
399333165
675
324
789284886
216753929
84
85603699
720838460
327207449
96553258
439540022
238640683
221760525
675857452
841836700
159
142
1029244578
177099804
877738135
510431053
94
122
233
455543179
509143558
251103635
240520454
98030368
157523148
254769925
978462737
832406461
210
409
375304589
277235991
15508800
822250646
688354215
741970541
185004464
232949594
104344816
442
1635154931
644436177
217622334
421802171
0
25372276
79593178
581
205669005
444532200
1730312864
914942042
161
383
83536253
705916821
85517321
472621970
537
169195062
619
851544539
36101234
73
72230036
639538431
956836550
179
257
813262018
842907693
251103849
489391063
312
78783346
16683419
359481858
1643913949
404772645
450435251
812700305
169336157
507631648
817126840
519
650
616450202
22122259
30
357935007
813799400
334179198
763943806
583
461256571
589056237
137
224045546
385564218
85516955
375304545
169195529
172797388
790
597832034
28808061
206227360
404876910
457
542678445
548290678
299
540940840
83758620
142
785973645
224046167
733715114
366749628
258822692
143
32627580
242094992
575721349
206
812
606661009
42740549
920442389
269154068
420051494
431
991802165
270516745
941781884
820542656
856
714151402
168306774
356158007
1248115964
184008867
413
501528661
315994020
0
151
585
197208724
440
24
305913262
276
1339411854
336441485
292641758
150266406
619727778
324504473
957637080
83368341
774743484
985186584
733569411
11996625
492962422
492
890567765
872942371
248161501
375619081
76219256
967486571
715793554
463757472
68446218
0
212253578
163326041
525581228
356466967
95
315994733
6
786215448
531139352
186794213
945944845
53
35800082
889265862
227
34096222
301365646
310937178
25
300113728
927034465
344200417
40
680591216
308274614
652425743
834607137
311895488
1425455708
494688632
373
135172708
947051466
713790961
281874353
632
740472848
330
238641050
641680607
299507724
1074670914
286422668
68577444
261806706
33
262629877
436643806
201157090
1930894
427756390
563
607886954
221680352
549802920
207832004
323
791
67
138
812080697
262629941
393640754
221452772
596858998
967039158
149367467
877737983
219
431208648
318
419
26
77193341
32627574
550
527135948
114568680
226627693
699583837
166572347
506
313885640
304891016
192
576398910
831745436
922049857
91471784
241503511
691
534556548
48
486068704
508555056
323967788
693870250
944163448
694345075
1322529497
811560820
309610374
125564300
510255793
149
299
218449994
174496789
172
281873907
363171391
703571226
436
874
876511955
513
23
748428554
106371140
558
95763354
76234284
416030593
705576854
753784490
167045672
49
931
130928790
418209845
528368134
930
974520249
783279685
1153548177
81
436643394
944759977
153247541
52316117
877357663
150993444
84094432
733223503
930205506
51
243475876
166542118
446
339685917
762052229
592912587
281873695
237465192
589307339
929575810
696667995
481945053
328
144567952
55
489122450
73274508
294
977844266
897806266
291314526
256754254
480889349
701336713
995191550
425
420055611
639853865
939159686
993015431
403426220
638924241
131
682327730
330349448
986643053
290638590
1182982099
662407429
633966456
126699635
293454272
631678179
206075059
373854168
354116281
94325127
177572200
216668473
78601560
237
16821313
45
541031689
990058904
75
400558644
993984305
61
890819629
463081897
355
204952360
772548847
241
546224604
206539967
207832381
204081887
311341666
416909440
592913162
317
210794318
617
944759698
422
357334550
319731097
257
1052428160
846
960137537
216046855
890192656
235362850
492302771
91756259
605864290
174497277
842907205
156
619704485
884312000
471453790
794455050
478533511
507307427
383427466
772
506233204
160952358
407
166
119
990182056
309610393
83917431
693914585
399143718
461338048
800834038
93648908
372509313
159
914328747
744014282
934529974
276145965
14
83368023
834737471
886220401
916836923
384926000
410413418
196980048
416909776
428898628
977844709
527136018
173226119
347562628
194
313209357
88
245
299060412
429705072
438
270624219
993015215
363283782
690261959
464
591432625
412
639371373
723931347
90
509436916
175937091
509436908
678930317
11789627
889203826
226
624404572
388088060
167400999
281873784
643708344
813765575
788454807
8381986
228132550
937454564
456612800
102293886
165
451
683119329
398356592
484360747
106020306
590480681
393964954
248851028
780136950
477534488
701555297
325
376593602
14
626
344141375
98016847
284533095
96692162
423631628
763943240
824362304
58404460
350470025
544829138
32627556
958254183
922202887
182458901
325
917285756
48754502
1021352657
182710325
779429693
324578727
299
450102746
220078295
140364295
722
284423425
934530085
261
922268396
687040778
99567421
303036808
343630922
644580926
606435774
246086927
351830278
221761249
767263199
697029256
437311017
589
766575523
369
31778220
592912752
812081057
71016422
891782760
686978234
285121240
730
397069169
33896767
251802164
173
601
956671030
575721988
491088103
579091823
216
110
203205613
556653152
209
414451856
131497178
1316505264
181619428
383427069
953208973
210
897569865
1041900406
779921930
544960548
316335755
159043244
286021034
528368149
641161541
886
19224590
322
548650471
257111455
132620112
162145171
51624872
37529552
61440881
363776600
1333096403
741970223
800083821
46728981
938018861
602013363
479974319
550619466
460841454
565171672
235387816
291314544
607
122
236010762
164
153247698
922202622
468545842
6
546194123
103979618
785706344
674996063
910928422
234
62
738515272
568
17
73808460
85887199
506854832
320
19224583
124
95733109
366
232234080
967039659
242094641
71
21277276
75579613
269154232
550619956
83368343
813799653
13146567
646897087
290
675462631
24480264
510009914
470151318
120
366
317195279
889697152
461890263
502
73
212407033
707
893759455
183341591
93
636192388
78783748
54
165
652425508
838701240
418
455543149
218449693
223157295
135
694357717
281500087
854612501
705
822007219
121316049
4
647610492
205909878
597726560
400678652
398807058
531381698
410814456
261884378
599182148
269
902182748
273328735
906875147
333024841
299507369
343905580
878
136325678
228
753597540
845229508
298
351
821209972
678930695
127982122
268
380632880
891
38376694
654
730
326
100954629
80299528
968240210
727816508
363283736
766265966
851607353
93684386
140573987
126457076
678930376
690262068
1769361837
340
97378892
709964290
523533433
592201230
409292890
639538802
760798688
647610301
276412814
767263715
214
563698323
978373374
659
741970526
978
20
317258003
240
540938165
540937637
796530586
752954061
328138850
276412408
324504664
777054261
211588104
333557577
854
576
575721977
813765131
267940542
212253737
38
349321560
215485878
676645824
304188389
222377473
205030874
554160186
315214564
820543045
169336236
169392178
678234042
529
819776102
580543533
148
243
131
759218416
893825319
495
21053431
128
169940768
40
257
184008903
391688675
178659600
470
287
813799549
633265792
348
96866491
81346877
777038604
253588970
461256701
141097840
636191914
375304599
81688882
486818579
250263316
802
493818877
154757147
356466632
661267718
540938434
766575085
190516539
518567689
243
327829362
98017409
226351744
576381072
427756656
598467928
787954039
724586717
788453953
201156600
669889628
764710402
188273190
193532197
250555228
213
845229254
579593477
733222819
584325869
242530944
634622491
111019691
607886402
17142228
549724592
311516416
481
774364861
914328553
64690378
818394521
585
508696370
368357397
285637495
147149744
218275058
889203871
129
367991027
576021605
204294493
92874715
741970296
294140123
813262001
446233025
884311831
66393796
1106690843
709
158672420
389225571
804157650
219130352
144
494798951
376
687184800
577763270
329
224045994
611748460
83
410
768
281873507
182710451
639371317
30412771
123862279
718206744
430708050
720797505
256754464
101
941782189
267
768
117825709
462
130928571
413
372867733
524351853
562545395
767811953
436289756
853989369
678676142
563698418
244501873
648918992
713790991
366
429705086
745445156
365
639371830
12
740503358
570490551
245
422418474
165881868
642332128
752953912
299507638
319730580
528368220
38100565
851544047
740472944
363
967157438
181004624
278
1185337964
509832393
542678342
374
106
609354304
110486381
449136645
173
98206483
333557548
525271485
83004201
319730708
298121622
122128039
594452947
503510631
965
298976047
108965873
187341450
1080039321
187
299
129
558755665
567306924
0
372867826
107908129
784
197322650
385
448
167023208
429705098
292292450
758747557
750834200
83917098
716
204951437
694344686
740503686
75
410413155
67836667
478377857
203205533
748428820
202375508
136312758
742021048
83367682
439097288
16
622
922703647
725
516
4582772
570490398
54581148
13
605186677
401
985099182
764374338
20
167401222
318493750
336
228047053
288050954
953742748
399
582604400
703570775
573
540937655
374480832
512256258
0
398356708
360308962
361
177
282728362
762
37800429
903365786
386
474527215
415
231933722
717898159
78
209850864
264665666
432378265
396708089
488
433
107288529
668128080
818269602
455819940
681789118
786516442
212
893824807
170464664
190405206
872942099
517278868
54
890820577
368
221760689
589056089
118859672
83536192
673479299
56
415328144
427019447
174226028
597378240
991576751
378325202
885166505
905741331
16821140
685133134
19
933563733
339686419
267117108
963679585
16820507
450102796
361672849
75487244
3925568
35728569
358203012
420
218671850
1050200232
334532581
688761005
385183848
768565785
877357789
971280668
89
611
100418324
60
544974637
126699108
704967773
645
92875194
589056212
714621977
395878650
1576113602
799289186
767263164
1228983917
695487274
204294787
782600245
308349687
512155821
136
892864964
1285901274
920443091
149367306
212253647
450102831
922702945
1456839984
36628120
441
486819022
190
753535794
355444310
399578582
105
872622848
409692622
390
197
871064785
409243366
159231601
914941948
753784428
213328031
251103779
54
248851172
506814716
767263190
903
1207474550
0
496358285
293435099
54011559
1329179497
821210132
1249878636
701108643
417723904
549724075
178784982
172274036
205669382
228021476
190089450
820980841
2
1595630659
276146308
657830733
830
186135222
1494002054
120894246
506233478
45752234
599237441
372
480802308
434024735
651
78
607886669
1772137304
876512494
945944871
270516310
676645864
1320943784
100123310
11789451
744
48
389225590
274
152507314
408
484109926
780137281
279
690606676
134436425
547
855160356
4829491
327
817126698
1173770327
40
61438692
710
956671121
458395968
927323276
115
881055847
144457791
845229304
210
107960882
206
203205060
986704901
380
610958356
144110227
128
935602797
792605965
393964954
330349185
293
153
68
370310399
1381317686
967487180
1807624729
910927725
1800101536
48
554826083
868498439
638924295
187175456
1655396201
278566975
214
776142682
153274679
239844304
1250572988
60764880
877473937
527717994
109382981
903365776
736335752
914165871
114568299
204
78
556017446
575721847
682421779
664646674
615718293
971281356
249
201156822
824458425
1006161889
524
564712557
139672194
893060858
143
478
705431107
780013389
41
1281272831
163329668
907907885
279
441406179
767263185
631823823
558895902
423944759
509832445
400678717
51
78783973
817985323
385192550
562
859061463
164814830
917915474
525
348068173
685828845
416909716
282312416
662
178913830
454731564
2
1829458598
340
325601956
886220774
877357692
761744860
417723732
679522281
247215530
163325847
401034529
284225662
440090110
35541151
507306936
231089356
1
595611860
342629042
284423195
16821221
65347755
898774260
812700971
597805912
987886529
559023060
1254045524
294
357334901
544974543
787038234
100684568
690
620962708
161714589
144111098
881056010
57158864
974254346
468546102
865114265
0
450102736
704967352
439371222
890568539
461256277
648310092
633
546225360
371879930
563698147
308349413
205910064
787954758
785
284533589
416
92874663
1149923312
353
475563157
985954248
902795221
554160098
228047600
914328495
413502645
311
740651482
715793849
563698362
846770765
513110120
374063057
431256816
621
54
418
247214926
193
566105271
353228053
298976234
919092360
795164410
489391581
741
549021768
549
727383610
634622279
602013494
215859944
842907290
697028947
189
197883461
961221811
512823480
95163605
702054492
288058431
299507447
775396330
521
842907038
119179747
122055874
600392022
918903423
101965571
827
851607503
100954887
944343154
243
122600494
368695074
251103685
474
32627525
821210313
264470083
562375051
770254345
73274552
546225325
32366825
761745017
816
193597792
80
624469330
82
757533079
423
141
35909412
752953589
991576196
588
32
1778350739
373
279730889
498
823417598
397662901
4654115
400558175
834
482
890981086
944359618
339686162
416030043
850378633
820419512
228046995
149
125040792
368357179
784332064
874
106072614
54843099
780136861
410
55030879
253
688761024
745445235
487
81
518845750
324
917285611
754064965
13082977
389225633
787038084
783912820
741
435
430038564
561
293454130
25372305
821210323
1634833958
86915156
778759951
232495696
726886112
316335404
11996720
340838236
445
856603803
382
62
334179067
930205201
22
1400149545
554825545
637
352323328
649685744
85820653
971280582
510430949
28297584
547155658
736335470
264470121
694357836
3925926
861973723
2
233
550633235
233768560
448
353228059
666
325773020
736336135
15265520
589056065
638923483
368
705
482
413179058
26819650
125701064
870026064
922268418
874
434025096
155897640
1691031996
333024807
246076400
40
789284317
763
702295134
315214494
569
650985941
278
372217210
206539271
1372815644
589046088
170
781249734
73
231089396
131133002
170
971281111
378325599
353228041
818269509
890820072
960137500
242659410
885166453
21
758747901
90791396
824269360
78552285
217925360
141
256754800
100
592912713
705576708
96
642964529
956836570
547155732
550619652
714151585
227521874
456416390
738904942
682421823
512256656
205910008
285638107
633965756
441406865
0
15764688
102
158672379
523
489390865
350638483
780137406
328
1016566121
645673226
854612792
246704159
91376561
599358286
589
3894526
86988587
720797659
761258077
119051437
489
827599141
96875087
421802319
160
1342938856
84650333
103
565
290521440
824875025
390193603
279623238
465
897475204
67994485
38376190
775521446
697029191
71458388
534391094
868
1085001580
690261858
172704412
218450588
162
239
172704812
50343338
128574115
226
853361972
130928540
753784401
153
207392100
700
528897122
234314668
146902006
810798992
525880705
38065162
1249993408
589177587
353347751
1021030926
492302762
274
431
184008895
1651028703
918903250
620228546
177502131
615
107960204
958721823
281873759
301
203
674
84
956836519
654250951
236010171
339085996
228047775
590152590
534476528
788454163
10062166
701554802
127
508555100
922268392
822250622
918902961
534
98017289
375304593
480802085
785499161
78230519
871064495
378880515
32
235362479
348
427798942
843102430
914329018
394
183720477
523985970
785973753
663207131
701108715
189223160
329
1479499395
390627964
291314604
925755238
595611837
627984854
120098318
802362402
59
557794940
837
69610196
496292201
564
99917748
129
227
212
69
762589733
352
13083589
5284982
783656724
1437472546
247
776141929
454731486
35
968240152
819208660
548
917285517
512694842
