1089
4523
1647
4516
3564
515
4544
2125
4918
3136
2589
4804
4224
205
4309
1359
4309
1973
4830
2458
3352
1847
2192
2673
4245
3324
4283
2545
2746
3847
4798
2074
1190
2807
1076
1081
2326
374
2176
1775
3201
3965
3
2962
902
1595
1805
3102
533
4175
289
1497
3964
1276
4769
4500
4987
3426
3342
4497
4851
2857
4466
3794
2798
866
3945
4344
3791
1776
574
3523
4497
4147
230
3221
1136
1978
2879
2494
3997
815
4759
4972
831
4038
164
4458
3214
3396
2343
1958
1381
99
2281
2008
2682
2419
3513
4620
1453
2965
2511
2858
3190
3108
4139
939
566
4013
3106
3190
4671
64
4930
3856
1777
3898
4795
604
3592
2004
1032
3618
1543
1582
3856
1691
1868
1438
1664
1758
4515
1309
2349
2586
4892
1103
4694
3442
3324
1653
7
3620
4671
1736
1722
1066
405
2716
902
2427
3966
4241
1923
2511
1070
1358
1560
1978
3856
4810
396
396
993
4694
4284
1136
2609
4463
4988
2066
528
863
2286
1371
928
1103
4139
54
852
1823
99
792
4355
1090
1304
4095
2953
4734
1255
3318
3728
4466
592
3445
3116
3615
1151
1032
794
4938
3726
4810
3044
1446
653
3852
3318
1028
1942
792
4586
1193
815
4797
176
1358
4803
4620
4713
63
2194
4517
3685
428
4795
2726
2682
4826
4785
1390
522
4273
4893
794
2432
1066
3847
1102
3791
2246
557
1868
811
2580
2748
2068
1021
380
2876
3564
3725
4343
2727
2752
1316
4413
4156
3221
1131
807
1630
2580
3132
4962
4311
1895
1256
4804
3109
3049
2768
4798
2494
2751
566
124
4569
939
552
2850
3342
1767
3799
2939
2775
3420
4375
1021
921
4544
3726
909
1211
4852
1705
2294
853
268
458
1508
2008
3270
370
3730
3246
3878
3945
4760
1354
4766
2316
1947
3886
298
2176
3127
1923
1579
265
4013
3631
956
3325
804
4761
2051
1016
396
1308
1070
3743
4894
4759
3506
210
2326
158
946
4599
1123
1769
604
1065
3106
573
1238
1924
4870
1354
3419
4413
2072
2516
1451
1308
1324
2775
4720
17
752
2641
124
3339
1318
1106
396
1228
2379
4720
3157
3564
3939
3751
3620
3359
777
4249
1497
3543
3442
1965
4660
2464
3706
1076
912
2879
501
38
1978
1632
3965
2570
3898
2247
4812
1475
1843
1772
4211
866
2066
1868
1546
4870
4182
3869
4215
1273
4312
3190
588
1782
762
4283
1053
2460
2354
3360
4375
1469
4218
4697
2779
2570
357
4500
1767
1620
3642
2267
762
2464
1686
425
2560
2876
4491
3279
3318
2518
909
1620
2524
575
2267
4497
1451
565
591
4362
2635
1297
2192
4328
1543
951
2267
3642
3725
2897
835
158
4694
2237
680
2817
313
3396
1579
1553
648
4478
3126
1919
4414
3992
4925
3576
3592
3094
3690
3074
4463
3729
1053
3270
2727
2286
912
4671
425
4250
164
3730
4870
652
4932
853
3270
2916
1775
1156
302
4143
2511
762
4413
4243
3884
3577
4530
4930
405
2939
2746
1359
2982
3322
4804
4812
1663
4312
3634
4224
159
4376
4234
2126
560
557
3586
1371
3152
3908
4219
4143
4620
3362
4328
1553
2343
1973
374
3342
4477
3083
3787
560
2557
3631
4165
1089
1042
3201
434
1291
2397
4155
4870
2142
3525
1550
1778
4164
4785
2751
815
4516
925
1976
4010
2528
2752
1843
4818
1691
428
4215
2314
4892
4452
3196
956
3972
4234
3015
4732
2788
4234
3799
1273
865
1318
1152
759
2223
3135
1942
3214
3046
880
2116
1691
1033
637
1663
2268
4054
1453
1693
1044
3972
1843
2902
3419
3506
1888
4283
2192
3789
3387
3084
2641
196
4388
1497
3076
3361
4720
652
4492
2908
266
3524
504
1288
4059
460
902
1508
1255
289
3835
3482
1769
2286
2798
2779
4095
1855
2468
4569
1678
718
62
3227
1776
268
528
4785
1574
815
4023
2587
2491
3577
4415
4376
3577
4767
1235
3726
4619
524
1919
2343
4608
4699
2646
2503
2156
3311
4826
2086
4523
3631
4211
1346
362
1977
4424
3155
3525
2397
4415
3216
3728
4772
2567
4798
1663
1661
4442
4500
462
2138
3216
158
3588
3309
927
3106
2142
3196
591
3401
3220
1941
4309
1095
4660
4569
4644
1663
2343
1177
1692
4442
2629
4164
4851
4530
3918
915
2589
3141
4107
1847
2294
1833
1050
4419
2432
4890
762
4818
2511
2468
835
4873
1924
1567
2195
2419
2314
1664
2516
2651
752
1508
78
2347
3728
1211
3576
1235
4959
3748
3339
1958
1838
2967
3917
2990
3615
2126
2408
1381
3791
3616
3918
1823
4519
3318
1218
2041
1076
1440
1567
4218
3155
4344
210
4570
4082
2751
0
3090
1155
1359
3054
3658
3914
1123
1497
1974
553
3401
2020
4570
3324
3524
3247
1894
2570
1888
1464
4556
1678
1907
4492
4094
2967
2031
3429
1304
4059
332
3999
3245
1070
4892
3730
2988
4492
4362
1691
6
4753
1316
3132
765
3992
4471
1769
831
4113
1582
466
2775
1776
2936
3481
1211
749
164
4498
1949
4355
2074
928
912
3886
183
1556
3599
3972
4599
1660
1318
1341
2294
1202
4054
1218
2798
1824
352
1103
4466
915
1656
1068
2015
2752
4987
2774
3908
1838
4824
3964
3407
4442
2281
2774
1508
3339
4023
3237
3371
4477
565
1847
6
62
3733
4215
3605
922
3878
2662
3999
280
4694
3446
4311
4322
4190
3309
3221
2433
4477
2308
3237
2304
3726
3725
4826
2531
2516
4046
2441
2609
1235
1069
1868
380
2333
2401
2503
4607
3322
4498
1061
4497
2486
4824
1620
1782
4537
928
4414
2751
854
64
2788
3306
1460
2953
1341
1480
1304
3481
831
4586
425
1986
3733
4139
2518
866
1662
3789
3470
686
2545
1314
4893
3852
2916
3669
3309
4498
4839
2962
2008
553
1324
3284
2379
2609
301
744
853
529
4110
1508
