1211576478
1119150226
987081053
816963326
438
557475531
181723008
710295852
526897086
797
230
632982111
221783557
335423064
257676206
634
228593778
152083110
264056130
67
152
872522126
415230500
356
453
321
453072930
687139062
687004800
408687148
70
244
765192009
53
518175831
710063619
724
90119184
118446243
49530756
1337115644
1048891359
21
769202780
492
363
829521019
68
858152893
174
276636790
986226129
5
653
700589279
963587939
226693120
636386280
22577791
269
808958248
1346194716
703111428
135295621
687138733
437
1074058297
1264438571
132684528
441298334
300709456
645
864870402
1047025178
950518254
646103151
284251302
872298898
560
551
23
486
140914132
172979449
875
354701650
60
675053650
921080651
629672179
510
412
96
230996537
3
145345300
542658017
31171939
0
487
1798186272
629671368
553
257676163
481171184
324525720
898784535
73
426064634
366838843
229
752852346
79928495
966222965
269354047
74316762
742
645978780
758257269
332
407
483
646
518991325
230280980
404833245
288817640
503797973
265668823
502874348
870294924
265
864870402
262
42276298
1477985172
827665795
12932880
671816310
450704687
95136740
296141192
68
166539806
640231706
560654972
346529908
502100811
542
215700993
277736512
441639642
671174545
354602937
341101052
601592836
451442713
877
653
476845869
187
831
504822610
957979579
186880533
43039390
447209904
364598392
755029413
698883266
289988294
0
122
159
439237055
148
851700188
247638340
183723641
656
342108467
195984470
580482815
143562492
457336767
444
415788333
144990340
225033940
44401225
425089884
15
741460914
44379561
35241531
508
510687468
578594608
441547233
159937406
270
401
299109386
909005362
829521628
291011392
566946987
235091702
457337061
812012597
779594780
10969062
15
74394682
467
965144945
398320049
567780380
262164450
55384059
488377734
464639344
215490090
960023388
397448747
576964076
364920777
909662945
648667840
7686550
95
506734460
429200910
63806744
114
101
911038801
1820256129
44882200
180687689
629419050
332845043
463465509
167368610
726416907
1510446576
651699141
959222689
531894724
311347666
13
306897384
588812899
56
289988268
271
963587925
603414663
767142687
245
231
662736018
370
668
559757073
398111994
853156839
8
767143107
147092016
673392864
20212082
163081915
716001181
377
41
918112922
389
664488847
72
655815505
480
173205081
103644456
228593344
880393731
18941492
794781079
816943985
286951501
618150823
209171675
242
628
847283109
577914271
159938004
161
934642716
396
806079108
339115571
235114581
422
197092631
1043471220
259
7
310
599595493
193161688
489
392819268
555339712
922133672
422452877
142
948589489
211457916
71902383
690146093
100
710277638
139
333577625
346
789205306
912302818
20
425
694534526
583448297
441639574
911228592
809063027
849454931
142
213035936
90655059
677
279842382
218
965220924
283
295
1038441956
310
228101504
295316427
748443858
423
190394313
144343554
825094620
930448946
442
262477100
49782048
371636764
163930011
619113469
203706095
61
545387415
886054224
80254229
636883752
342109085
853157728
664413462
386966478
149
307233764
309
12932589
229955603
422452547
334
677339028
767298663
85867164
582881507
44994625
753588664
399
426
687499397
317691450
509329704
297087899
172860251
188485584
847
130
606610347
741460775
799910370
205548817
328439437
110
467100269
332451245
242102681
931025049
9
698
910513000
690146072
182400638
140914522
396
748373503
49530680
690826958
82448724
256148512
542602896
123317755
474602624
331
352597630
106485507
1001456162
143
580626713
373057287
1203118208
867592874
398320373
520
144518246
724296154
75960746
128
223619721
259
49234261
376
710277788
453072554
550270921
336
1968023556
971319713
230
664589288
840725182
167283304
810
135295580
410424733
443715784
151691412
265379982
245
524298107
439237182
533504676
676599165
786318266
187
271230488
15
283
276
91371579
159938082
112447908
121
976
464343941
364
558
421950019
62026675
110440226
444218188
254550792
81
471495922
2
795624808
349531015
166
257
175623870
480592021
710063939
918
253937387
254897182
761
967889856
659
800111404
133960831
33
303318185
644063902
61206060
105758208
513726937
556
519632719
142971516
103
408686825
766
390433983
926093445
215701880
159
921293800
1775939014
130130495
150522627
613502948
893381984
816247059
698680004
795625230
509
768622557
218070608
1938918
694535030
503267631
972736932
28541353
623516377
83129070
724151557
204
57
766578962
709744381
163929380
290096258
1307043663
120
572
659991940
571266148
1195701501
379
226628765
136
181
514
662735775
505270664
910513162
345073612
1544525802
414981480
298742895
219794404
313879278
440
580736467
842448777
847135690
80462361
272818708
572
132
516979685
473026046
289
584637093
312
145345325
220511052
566925679
349778152
247738892
201
265879089
341101115
157107416
224805858
218
27
386141774
45273413
892138777
714645102
568885121
985929755
182963409
738720818
214
189
96455147
7565375
346789706
332681221
959222523
407174176
162400975
338406187
687004820
746449291
674
112
230927296
14381501
879321923
934642824
71761313
111729260
694385677
499030210
426
739481020
957979302
313878611
933886124
619
847388559
314
598860748
393126628
53
544160782
545953985
503297653
102153843
939355809
193786758
23084655
77216887
664
703047728
717164823
690826601
577248111
848438590
779337649
1378998237
932688669
83377518
827824340
671603168
202
679
588812839
99
565310708
899797180
407750415
334
12
548742914
70392412
419015786
10596629
382
603414075
957979213
705310274
230
268
934642308
731261298
84
477919827
28542003
645979058
888136327
171595462
116916924
107963949
139924567
452
529592758
464381244
897198903
180
820596262
747761936
452963411
967833603
245660828
886054949
705281932
92755430
209705783
367
957317619
181235547
583163160
882124771
425722500
804797938
71676600
332451572
625043954
289427257
7686958
963587929
970077586
270
491829195
179
38
907046330
157107496
277
190394264
640231573
249
306897047
506735369
450704853
719228611
311
962705931
878951986
724151744
980927805
877778172
513070337
619205869
50603811
0
567130518
53
148
123
504823295
12932056
135356804
105395915
659991303
332681067
766578490
344603489
943691057
540145415
338736052
24579925
213035875
425018176
293405883
98612004
86
840725571
1056999984
491529275
656802886
417573423
884
116877939
341246888
110401008
322402433
840725541
679
976165726
724151446
424
129
162192245
263242148
105
147057668
128845737
354602665
318540284
565310162
123292765
0
678913778
49
157478167
2545362
356795282
519259926
526373913
558
152
301025698
878952459
841427110
472
365516944
1773967058
700647279
921293952
542
930911474
859138886
300803210
667
641623749
408686720
690146136
292760704
380209005
694386441
985929190
163929849
923
161440020
933886568
272120084
281
636386301
148
383832497
901024269
996843524
105
253877978
376924073
111
226
252
23
95730233
213036496
547
88034192
12931836
74316534
619945311
453073042
42
809396011
375037073
921052849
818560513
966223162
547903496
50852339
134
526097261
883978984
49234206
287
694534521
911228175
137548297
783301933
641623815
99
763934947
1270676422
332239009
352
283524325
166
1179590561
252
273721248
76039391
843510696
152658016
226
118
429201403
428979976
46
559496770
549237500
648618595
441
938839408
0
542602203
790852853
657506368
268879042
321
79
861524020
617665381
697
278679034
688330952
780211955
550277089
191
780212700
253
483
550744870
596524343
723901566
447
229955471
170
551322984
118
627649736
264020543
1089507845
228101263
163
231698281
622455756
140
338406371
537
1286256488
806079315
147951823
368789942
404124076
359757195
687165384
929829945
952807536
65222912
856
974484231
329948123
25008538
469005155
970077301
334311308
28
373935725
737001377
668954625
78680824
595
735568333
474
146966064
65
956076579
807748079
523
745920927
705
294
860101856
391
493321394
584637089
180
574624483
586
151
734046611
367117787
35
198422337
298927785
273721357
65477256
138247025
558
847136038
18039324
929829897
971319990
298850575
304
186951411
330678808
985929232
507462708
705555913
584583898
370
547211786
412454938
734
271059137
157107223
1827925
1225909478
413
866071478
452754357
362484418
153689576
344843133
629671419
834473446
318540468
278678909
130520206
370
108207539
499905449
93586566
125114353
963998069
136
282775392
870460009
524297731
709744354
538
819630518
181263380
446925795
583448734
151
171965660
971799268
901024591
207
1191920621
212
751540930
943052156
435219583
733795071
63806690
808958160
573130976
929203313
462
857
717
674362730
6475258
105
405
201162402
295316709
226992908
723901524
790
141
491908077
153689554
210
603
171420100
469
348797355
469285854
61587414
353
623515717
759011557
578314008
113533836
571266415
503267678
1155644669
488
402
111715019
226628300
14
861536883
495769114
824
153726628
123
907046154
213
872203851
1345138556
847451542
468313691
398
979622600
1097840006
665188252
378145076
1240883455
68543203
566
6725743
196667176
656459883
226993218
450704985
425723250
332378017
665599550
778
133160839
56
924199088
952801312
555339533
122111215
303332709
847451528
1649058906
4336986
401494985
794769556
407750479
456108292
902694266
694386194
439237093
435219549
452754285
619725665
505270399
554588059
757343410
1447836770
242102576
54
725589855
457604094
441639556
668684548
326
555
116
50202246
291715629
77
367958594
510
348065705
115
25769139
202676788
338659855
453
726416947
166144122
456
37
773616679
68
707650787
824704800
493
715262778
298927832
799483340
438
766579193
593014050
178
345058642
326234615
701607550
531894716
376
693
455
729850837
929203454
455
661
858293089
50892583
357647346
341031383
104849596
132036864
927580037
165
961757824
173
348173159
335423122
32
173
615
967890673
168417668
832897321
525
881009092
216578976
676306372
690826751
619945716
958317541
560821410
961758135
985929246
314
447418424
260
420
566673070
473
972737326
612
31165237
700647920
91
290
518176361
44378945
488
231
280590530
67669335
192856692
188828766
820776096
316
732313089
975751368
15460426
3540755
137548490
671603240
269074745
566924841
158304824
880
715231574
633
157843061
694
1305674406
795775289
496
31
606157217
202821499
298220107
421824885
348
923338960
977153317
228
287025254
640231732
121423265
511
54
555339499
85396777
990132375
736093109
20212072
85
843510730
249753132
671593980
219
428796436
676444457
832896638
737
305126984
615236107
721
807748298
376016589
634
400
409641660
392818990
1191624779
922133559
274477274
299904792
483142266
572894730
374869738
876
333262133
673392496
196667453
423389052
19
363174624
542658029
555339968
413825508
999212615
931024677
524297677
151
528410361
49264199
0
980927614
189840025
170656637
7686704
1277986853
3540655
71
538371354
1636929115
108119080
488888731
568440576
1374563189
57408428
628
425
643867067
492
401495020
246632264
206696404
103
419323232
960023662
17
780
204
423882430
607772560
612020661
853939411
1222877013
734047283
93586834
899634299
552651470
275878871
644064385
284
106
816
156
143039631
258624806
1260420881
559757836
153459508
98986718
498383761
479733192
782181266
1025513088
751732226
50
277912857
247
3
317919682
306897501
659991679
793406968
646
341031455
604879971
573
550849298
121423190
172
154
81287975
162809411
389088138
1475559986
223
116370764
170
133
371636841
56
968338233
488214085
504823162
763978554
947021029
1100583891
80532979
62026683
980927492
432411885
386168120
892766629
464343367
35
304
122489986
28704967
371636866
43422731
347164827
928294484
504822935
723971992
1007551325
26577824
436343589
397
306737988
469515138
597
898784541
186880691
220698362
410
141
37876577
516982855
355573336
1231352328
136186345
556265530
765192131
995348616
206
11
440484483
119
236
46
106767556
689469980
262
128572229
77216857
110401115
29637446
416493165
870396316
726
421949407
580425800
873060182
80462350
483802872
963447400
84
732313199
259910839
256477976
68
11
923339331
366
391252742
409394253
47
371425681
225
712748975
460
636386357
575945310
97
123094018
933682999
152
30
1471007333
771368538
485701813
185459215
115
56074368
974484234
618150526
750373380
780212713
254551647
368386002
25769363
620750615
696674188
147638635
431166340
217252934
300009257
199
289515284
326820461
388
161433857
306
14
845615051
946641555
410916472
616151423
237099938
123292682
961013814
772679304
373056647
264055546
264457224
331279396
408
68303404
446925749
704501022
55
82443760
557400185
264055751
453167466
758257287
224806543
694386307
175
177837229
795624518
205446604
475280146
707664602
506735266
205548627
164
583448681
1383922270
153459487
25008512
694385777
413825603
364920782
951848983
404833801
589062985
513
218633800
105720391
723901396
924772458
447095900
918112824
748571492
383
45675356
562587957
897198761
961013908
736
892766469
202
281
375785095
293
686722220
50201834
618
49234191
289515380
148
680814
938783303
305
710063569
961013702
336
136308675
55383678
540178774
468198829
32455570
226
501069191
519
59
163623505
343890304
193
415570581
89
109954687
84684726
444
72043968
181002075
162192112
164
376379597
996843687
393126107
91371428
891752532
1773844158
654177537
182
398382434
1041392101
205
453
285058063
317748515
493321308
919703678
268879638
1277069385
259561116
290732999
492
173
71
408687227
538371316
120
115679253
506734884
93450012
112447869
931024254
246
2361705
159937880
453696786
853157090
779337856
116
986226373
285
798169140
771737359
268666805
785
222
49234172
609658389
488366623
452965562
89903023
1376731514
29
149
485
261
287
902693860
128845738
1309268581
408686362
471713215
832896602
397
614
196667401
437
671
48557621
519
659990999
967833717
6725812
81339022
847451563
107
937831698
933199342
503775606
537444428
74
819630502
656460617
115
174418659
100887697
256
963587855
28168620
683
591212899
216225272
629672083
75427438
18
779594859
102461079
90034982
455
391189814
687004608
130130804
116
421949813
419015786
918112896
298067985
244
79
332
423692980
451737572
290985089
128274324
445521690
110
69
741460922
100438879
1095825736
795892473
386168145
435
87963244
248491917
704
898784412
1127324062
583682897
784
1494366454
452963480
626578278
885
408410466
651944031
63079160
1405104102
55099846
769316860
684612186
442
14
615372408
400701113
88
536180841
1042552586
794780440
222
12935678
317748183
96340147
783824109
147951646
972736731
438
432411884
1824332808
143845098
914329388
71198793
273
540145453
205
773616441
375055387
758256753
1081452402
145345252
724151053
56923627
751540591
81
549876084
873060726
1288026326
949643996
510473540
153689408
469650383
993111385
786542059
729403624
342109274
38907038
94
252
32
318303400
584637089
241761182
96456002
215
171420508
58289385
720
40
307
122111447
834580303
427
961758486
616
542
461543189
118446537
342108874
246979033
13542219
832764795
809395861
993111593
112447855
719228579
13065880
620
578595160
100347298
398319581
538564566
125
265100249
197838869
10093293
892139241
503267656
11336869
664684492
405
80147664
188295611
276
319
349
1277468297
579285746
384041975
393
729130516
59887938
0
398382255
289515315
715209702
709744383
186950805
147897671
265330489
73
134587659
866071854
566
295316661
803
276
932688674
67361323
430495522
624
108891078
481
112447861
54
967833481
409083915
287
407
365
538022081
741801600
697375491
208
251
548743016
934642698
12301837
853939555
257
765192150
457337066
262491784
1600254519
589
443
700
443220062
120144286
189839845
204981784
121540532
982209096
901743800
986226368
301912818
121422912
293173778
634
542514653
372455891
26
795624528
553
494295712
172979398
947021314
10
145342412
153613980
847084342
210000743
267707699
75
751540440
202413409
479567603
970477790
166044012
927579680
442280652
15460641
42
186951335
566284919
1243571621
264
24
1084974450
481
683
367
425018058
932532140
72843147
351254889
547211392
298022987
1365903430
875939456
808958176
138
30051716
925598861
181001682
716626420
130130246
438410943
807748262
1165752864
349
443917958
700647996
655815670
174956187
126534840
571650909
103644354
932688711
999212692
416493014
445400289
226584613
398382393
644063454
715263323
1395703977
25008692
528410926
519260245
290095973
1097490234
11337535
301025731
622455723
480345002
343
616317567
429152088
460285121
532082733
479568285
915330682
281814358
236507758
193769176
77
611
457336326
864869984
790384354
93
104850107
394443935
879877360
957317469
183
858153446
474602544
795625047
926093532
257
524
840725095
71328779
12604826
269074751
274
848
133033598
664
309
603
717051664
437140130
309660665
225024064
415832446
614929662
36815636
856
538371133
783302217
692844225
275
1625202578
198
909663680
932313517
898916804
1243455280
1260859561
673978054
86054484
309102217
452301236
