3976
1886
987
4344
1614
4465
3713
1068
2626
3299
2398
1249
4345
2384
544
4943
3507
842
1720
2430
2257
137
1456
1793
461
3701
400
3670
622
3301
1498
1142
2949
3184
4328
1462
1814
4943
2170
769
3495
3003
2926
2108
3441
3475
832
321
4172
727
1144
810
850
3911
4575
3409
694
2556
100
0
4642
4149
1433
517
1437
2597
2121
256
4171
1580
885
2760
153
2153
3997
2758
3888
3908
1805
2923
518
3600
3558
2404
2875
2883
3229
4079
2118
1019
2830
1614
205
3167
1156
4208
1989
2712
1840
2514
322
1961
2213
4044
4288
2340
1877
714
2748
2864
4586
401
242
3013
547
4230
2689
2400
544
588
2521
2976
4557
3454
1360
4286
3888
1117
2966
2926
2332
2993
3097
2384
4296
394
3367
4474
129
4706
3980
3288
4621
2693
2726
739
3264
3039
4406
911
3512
4565
4144
986
578
2644
3277
885
933
2264
638
1493
898
785
3355
2266
516
833
4335
3111
2283
2340
4655
1033
2992
3554
4486
1295
4949
1527
2054
1147
3965
4191
321
495
1306
3064
2569
1567
4632
4348
1019
2062
2914
2638
4992
2694
1263
3339
4686
2432
2256
3736
4008
4406
2465
3530
4294
302
832
2783
4517
1768
4012
1223
4959
3407
4270
3527
2918
2340
1184
1659
3936
2102
4679
265
832
3204
4489
3454
4334
741
4474
4044
194
588
321
1660
955
2962
2752
354
3943
4261
2792
3810
3366
1297
1222
694
4328
3005
4247
3258
1911
4191
52
3448
354
1096
321
4282
1548
4164
194
2883
1493
1590
143
1814
174
4031
2736
633
2752
785
2329
645
3965
1875
2984
3877
580
2329
1196
3793
836
206
2627
3679
3892
1947
587
4763
86
816
1800
4230
0
1296
1398
3478
1837
1622
1393
1939
1614
4508
384
3334
2712
1557
1297
3661
4397
4557
962
3957
2865
4453
1070
2481
4400
4694
3012
4642
4328
3600
1139
3302
1089
1401
518
3711
3411
3439
4992
545
2002
4135
2748
4801
4785
816
4150
4294
351
2971
1764
4493
4565
2993
576
2752
129
2569
4486
1255
3426
1505
126
297
137
1615
4522
2605
4209
3366
4832
1581
2381
4786
2365
4183
231
3558
987
1608
843
2266
4255
2086
3790
215
2090
4493
2304
3915
3399
638
461
195
3712
898
3256
4694
765
769
4240
1147
2644
4102
972
3682
4817
4948
2483
1015
1029
773
3407
516
4297
2641
3341
4296
4646
1242
4044
216
3439
1911
765
1389
4044
3454
3985
2086
337
4787
937
4256
2776
3936
4171
1706
2340
931
937
3809
1877
4963
2640
3411
1908
4270
3370
4734
4983
2504
1184
2608
4143
4423
1147
2340
1881
4396
54
1805
4172
3946
543
4478
2153
3264
3131
4392
4782
1047
573
1263
4739
3870
3909
785
4282
4492
2038
1961
159
3294
1062
2864
4335
1738
638
1460
544
3295
4820
4271
4486
400
1946
2121
95
904
1839
1102
1740
2870
401
4090
4447
1629
1747
4526
1527
1252
525
4453
4143
3229
53
1295
3870
1704
2432
1615
4032
115
1989
1915
3283
1083
3682
3896
1747
4319
3539
4288
1921
4478
1410
2270
986
4392
4231
1423
911
2675
2825
3185
3341
3661
2783
821
2242
4612
2340
4135
2032
2851
3713
1875
1614
2636
82
1056
1746
207
67
2212
4391
4763
4334
4508
95
2411
1609
4082
2329
4208
1837
3554
2076
818
935
4445
1768
1740
4175
1452
4292
2119
3539
1050
4988
1839
638
153
747
4124
3277
4378
597
1441
6
4286
496
2091
4714
937
4674
3097
4271
3931
2332
3258
4191
2921
3965
3448
4506
4271
349
842
2839
2589
80
4231
1123
4020
4296
3956
244
1028
4506
4739
1615
2644
4261
4079
4172
342
990
2923
645
4175
354
4171
2412
2429
2119
3115
141
3944
1920
2504
4832
1327
333
2129
4124
4862
1437
593
1978
67
3636
1584
4008
1142
4703
504
2922
4880
544
4955
2384
330
496
2952
242
4654
1615
3512
1306
2894
1255
2832
2439
1037
3127
256
351
573
3278
1139
2517
2256
2546
4252
4245
2028
2481
461
4207
3219
348
4843
1428
2626
375
3541
4080
1428
393
1557
1252
3540
3283
588
348
3411
2792
441
4987
2058
2908
3460
4009
3004
3809
2710
4706
4757
4100
3819
2898
3108
1131
4526
2586
2430
3910
2134
4164
4340
4862
1946
638
3339
4113
4705
2984
4447
54
2608
4697
2918
3698
2721
488
1921
3944
3554
3478
2412
2386
2801
4391
3573
1775
935
2016
3301
841
1989
1950
818
357
621
3197
4301
3281
2341
4641
441
3997
739
1306
4135
1458
3896
2154
1580
562
4058
3111
265
3439
840
1565
807
2485
3036
3441
0
4098
3261
4255
1001
1622
4150
2032
4747
2721
1845
1881
2329
1590
1142
2441
169
2485
3355
524
739
2002
1746
4124
2665
4843
772
3361
2972
4175
2304
401
2831
283
2257
337
913
542
517
1755
51
2481
605
2588
3578
3339
3301
1265
2705
836
605
129
4252
3361
3846
2470
3676
2611
4583
1390
1132
1358
3370
1195
2727
3661
159
141
4102
1845
3448
676
4471
3074
4679
4345
51
3198
2329
4282
283
1625
3407
747
52
67
645
229
935
1102
3184
2971
4679
4406
3495
3877
3983
3985
3541
3908
115
4245
1681
1357
2898
1162
709
2370
933
1679
4456
1083
741
4838
3294
291
4949
836
136
3617
747
52
484
1584
2985
3871
1590
194
3111
3424
195
299
4370
3567
1845
1458
4032
546
194
773
3540
1327
495
3790
1947
690
1184
4370
1571
3219
2240
1231
1423
638
141
4050
1247
987
67
1160
4654
1471
4763
544
2851
3385
1089
2796
4734
2341
1952
2129
4341
728
785
4058
843
4703
3980
962
4537
1660
3819
3073
2240
2772
4230
3407
1018
4100
1273
3185
3597
2727
984
4565
4079
1296
4959
