227
1 2
1 3
1 4
4 5
4 6
6 7
6 8
8 9
8 10
10 11
10 12
12 13
12 14
14 15
14 16
16 17
16 18
18 19
18 20
20 21
20 22
22 23
22 24
24 25
24 26
26 27
26 28
28 29
28 30
30 31
30 32
32 33
32 34
34 35
34 36
36 37
36 38
38 39
38 40
40 41
40 42
42 43
42 44
44 45
44 46
46 47
46 48
48 49
48 50
50 51
50 52
52 53
52 54
54 55
54 56
56 57
56 58
58 59
58 60
60 61
60 62
62 63
62 64
64 65
64 66
66 67
66 68
68 69
68 70
70 71
70 72
72 73
72 74
74 75
74 76
76 77
76 78
78 79
78 80
80 81
80 82
82 83
82 84
84 85
84 86
86 87
86 88
88 89
88 90
90 91
90 92
92 93
92 94
94 95
94 96
96 97
96 98
98 99
98 100
100 101
100 102
102 103
102 104
104 105
104 106
106 107
106 108
108 109
108 110
110 111
110 112
112 113
112 114
114 115
114 116
116 117
116 118
118 119
118 120
120 121
120 122
122 123
122 124
124 125
124 126
126 127
126 128
128 129
128 130
130 131
130 132
132 133
132 134
134 135
134 136
136 137
136 138
138 139
138 140
140 141
140 142
142 143
142 144
144 145
144 146
146 147
146 148
148 149
148 150
150 151
150 152
152 153
152 154
154 155
154 156
156 157
156 158
158 159
158 160
160 161
160 162
162 163
162 164
164 165
164 166
166 167
166 168
168 169
168 170
170 171
170 172
172 173
172 174
174 175
174 176
176 177
176 178
178 179
178 180
180 181
180 182
182 183
182 184
184 185
184 186
186 187
186 188
188 189
188 190
190 191
190 192
192 193
192 194
194 195
194 196
196 197
196 198
198 199
198 200
200 201
200 202
202 203
202 204
204 205
204 206
206 207
206 208
208 209
208 210
210 211
210 212
212 213
212 214
214 215
214 216
216 217
216 218
218 219
218 220
220 221
220 222
222 223
222 224
224 225
224 226
226 227
