397
1 2
1 3
1 4
4 5
4 6
6 7
6 8
8 9
8 10
10 11
10 12
12 13
12 14
14 15
14 16
16 17
16 18
18 19
18 20
20 21
20 22
22 23
22 24
24 25
24 26
26 27
26 28
28 29
28 30
30 31
30 32
32 33
32 34
34 35
34 36
36 37
36 38
38 39
38 40
40 41
40 42
42 43
42 44
44 45
44 46
46 47
46 48
48 49
48 50
50 51
50 52
52 53
52 54
54 55
54 56
56 57
56 58
58 59
58 60
60 61
60 62
62 63
62 64
64 65
64 66
66 67
66 68
68 69
68 70
70 71
70 72
72 73
72 74
74 75
74 76
76 77
76 78
78 79
78 80
80 81
80 82
82 83
82 84
84 85
84 86
86 87
86 88
88 89
88 90
90 91
90 92
92 93
92 94
94 95
94 96
96 97
96 98
98 99
98 100
100 101
100 102
102 103
102 104
104 105
104 106
106 107
106 108
108 109
108 110
110 111
110 112
112 113
112 114
114 115
114 116
116 117
116 118
118 119
118 120
120 121
120 122
122 123
122 124
124 125
124 126
126 127
126 128
128 129
128 130
130 131
130 132
132 133
132 134
134 135
134 136
136 137
136 138
138 139
138 140
140 141
140 142
142 143
142 144
144 145
144 146
146 147
146 148
148 149
148 150
150 151
150 152
152 153
152 154
154 155
154 156
156 157
156 158
158 159
158 160
160 161
160 162
162 163
162 164
164 165
164 166
166 167
166 168
168 169
168 170
170 171
170 172
172 173
172 174
174 175
174 176
176 177
176 178
178 179
178 180
180 181
180 182
182 183
182 184
184 185
184 186
186 187
186 188
188 189
188 190
190 191
190 192
192 193
192 194
194 195
194 196
196 197
196 198
198 199
198 200
200 201
200 202
202 203
202 204
204 205
204 206
206 207
206 208
208 209
208 210
210 211
210 212
212 213
212 214
214 215
214 216
216 217
216 218
218 219
218 220
220 221
220 222
222 223
222 224
224 225
224 226
226 227
226 228
228 229
228 230
230 231
230 232
232 233
232 234
234 235
234 236
236 237
236 238
238 239
238 240
240 241
240 242
242 243
242 244
244 245
244 246
246 247
246 248
248 249
248 250
250 251
250 252
252 253
252 254
254 255
254 256
256 257
256 258
258 259
258 260
260 261
260 262
262 263
262 264
264 265
264 266
266 267
266 268
268 269
268 270
270 271
270 272
272 273
272 274
274 275
274 276
276 277
276 278
278 279
278 280
280 281
280 282
282 283
282 284
284 285
284 286
286 287
286 288
288 289
288 290
290 291
290 292
292 293
292 294
294 295
294 296
296 297
296 298
298 299
298 300
300 301
300 302
302 303
302 304
304 305
304 306
306 307
306 308
308 309
308 310
310 311
310 312
312 313
312 314
314 315
314 316
316 317
316 318
318 319
318 320
320 321
320 322
322 323
322 324
324 325
324 326
326 327
326 328
328 329
328 330
330 331
330 332
332 333
332 334
334 335
334 336
336 337
336 338
338 339
338 340
340 341
340 342
342 343
342 344
344 345
344 346
346 347
346 348
348 349
348 350
350 351
350 352
352 353
352 354
354 355
354 356
356 357
356 358
358 359
358 360
360 361
360 362
362 363
362 364
364 365
364 366
366 367
366 368
368 369
368 370
370 371
370 372
372 373
372 374
374 375
374 376
376 377
376 378
378 379
378 380
380 381
380 382
382 383
382 384
384 385
384 386
386 387
386 388
388 389
388 390
390 391
390 392
392 393
392 394
394 395
394 396
396 397
