2501384046
2497882604
2501347277
2501626540
2502336872
2500464336
2497486730
2499521918
2499507195
2499421830
2498588648
2497897441
2497882362
2499730775
2497870015
2501395059
2497666542
2499718599
2499778442
2499446983
2497662480
2499696838
2500484763
2500340583
2497807649
2500587897
2500232259
2500214517
2500436650
2500271509
2500239186
2499742215
2498348414
2502140545
2500365071
2497998310
2501623011
2502506313
2500078984
2500306483
2497466597
2498450710
2499579851
2501581156
2500425980
2500271224
2500260862
2500127788
2500348888
2499552128
2502294975
2500336314
2498007433
2500468609
2500660210
2500299565
2502106390
2498605922
2499562893
2499683019
2500195956
2500479942
2498572278
2498580804
2500296154
2501542074
2500261721
2499545982
2499780220
2499371432
2501692698
2500222117
2498418549
2499535182
2499884982
2499553269
2499553079
2502515418
2500246946
2498592011
2497910752
2500579847
2499486120
2501523600
2500197803
2498434797
2498381922
2499449145
2498040583
2500264070
2500427662
2500321961
2498723573
2501226546
2501819774
2498017858
2500470794
2499395414
2502017991
2498618984
2500174684
2501365734
2500175887
2500565241
2501719343
2499763493
2500573276
2500064338
2497705255
2499672309
2498209541
2497888755
2500524457
2497697918
2499511926
2498580877
2499736695
2502531570
2499730106
2500485158
2497699021
2501348547
2500229504
2499613948
2499253628
2501383512
2499626187
2500566972
2501331657
2498232078
2499442557
2497890370
2499417114
2500473129
2499308968
2501367095
2501964951
2497895915
2499557814
2500424454
2500616887
2498356369
2500534742
2500609631
2502482979
2500291078
2501546871
2502303895
2501146588
2501407201
2499592565
2499721870
2501414165
2498603452
2502283217
2499460597
2497808095
2501417856
2498754480
2498295756
2499492110
2500266992
2501691662
2497892371
2499663808
2498498479
2501967172
2498768689
2498837115
2501977935
2502277394
2502078742
2499576833
2501492780
2502498340
2497933232
2498067457
2499678048
2499897424
2500350273
2502312633
2498015766
2499676791
2499608365
2499736893
2497502670
2498388248
2500372905
2499655715
2498392107
2498777648
2498743143
2499314130
2499699868
2499709427
2499810479
2501190259
2499526316
2499806990
2500165485
2498708459
2501565054
2497884109
2501539767
2499603450
2498729815
2499675845
2500207957
2499675164
2502213560
2500531209
2502082076
2500555831
2500279505
2499751892
2500150759
2500020701
2499872435
2502286568
2498278827
2497564095
2500435986
2500225834
2498420159
2499412353
2501116084
2498393124
2501916285
2500304916
2501287007
2501288521
2501543194
2498171065
2499637397
2500461012
2498539519
2502041210
2500258533
2499901073
2498615635
2500406898
2498406585
2501499011
2497720692
2498456800
2501551670
2499707551
2498596641
2501300796
2498368504
2499546376
2499529315
2500113355
2500349740
2499730012
2500421696
2500208708
2500418101
2499589896
2498241102
2497865484
2498173267
2499468088
2500126191
2499853939
2497717034
2498335585
2497710218
2499517360
2497663989
2498185642
2499405348
2501565193
2499525327
2501294909
2500080181
2497688762
2499602730
2502253252
2499580056
2500159045
2500314373
2499509741
2501574305
2502137009
2498565620
2501542848
2500499178
2500657591
2501545853
2499703104
2502211688
2500173625
2497704448
2499348229
2501379239
2499749598
2500452141
2499808630
2498245652
2498076865
2501379662
2500638689
2500415747
2500602426
2501361893
2500334298
2498604888
2500280244
2502005483
2500336553
2499441224
2500087316
2497660208
2497884363
2498372296
2500234286
2501159796
2498435393
2498556036
2499554449
2500321770
2501135481
2499366577
2499349221
2498454876
2498445308
2502053815
2497896642
2500717823
2500016705
2500173703
2498494562
2499539546
2501563222
2501764171
2500650015
2500464778
2500253127
2500243305
2501893465
2497704732
2499421280
2500712287
2499548328
2500484109
2497648997
2499310987
2498779371
2499787733
2497702851
2497668545
2497590367
2499747551
2500047968
2498456783
2501418047
2501606910
2501322039
2502126809
2499873425
2500066323
2499480539
2500407345
2497800234
2500337693
2501811937
2499502015
2499572939
2500002324
2500199423
2499590559
2500256599
2500720885
2498577608
2499924795
2500484617
2500151377
2499703613
2498824036
2498754855
2501717781
2500324310
2500421198
2499513269
2502078782
2502078586
2500260221
2498552671
2500659159
2498370793
2499534198
2497647825
2500069139
2499523150
2500297553
2497899187
2502315812
2502276741
2500453307
2502300005
2500104938
2502129881
2501296130
2499544098
2498511546
2502483456
2500199981
2500601312
2498461442
2502140013
2502084928
2500434426
2500307633
2500223914
2501323517
2497823713
2498599749
2499361950
2501589879
2498128202
2501522851
2498782467
2499565840
2497484303
2499627583
2501585527
2499486459
2499743329
2500346072
2498583628
2500400211
2499694134
2499475477
2499772189
2499787383
2502137287
2497831212
2502302126
2497746075
2500212921
2500619884
2499866372
2500333512
2501301273
2497660685
2499672046
2498623687
2498665576
2497432443
2501567406
2498543344
2499539624
2499465797
2502267953
2500025407
2498737153
2501598785
2498763576
2499995167
2500295827
2497885599
2500271267
2500554892
2500205135
2500497712
2499866345
2498614406
2500496458
2500046367
2501116680
2501618215
2499913870
2500273801
2502076777
2500601616
2500369666
2498662336
2499741481
2501626062
2498036215
2497895374
2497831378
2500354898
2497872718
2498398543
2499626601
2499581774
2498346200
2499592989
2499788400
2500261327
2497628984
2498320700
2499249055
2498624877
2500583092
2498587947
2500633845
2502251715
2498572891
2497832954
2501689345
2497718354
2498416391
2499500508
2500314366
2502241578
2497515659
2502158490
2500258941
2499753830
2501569277
2500471215
2502102062
2498545921
2499464889
2499613664
2499407119
2499480003
2501534116
2499316740
2502463563
2500244085
2501316677
2498360485
2500053953
2499564707
2499864827
2500344572
2499722533
2499515526
2499837348
2499475035
2497759700
2502017520
2500386618
2498640227
2499737975
2498389289
2500384336
2497478620
2500063430
2498209993
2500395806
2499695703
2499700125
2499991582
2502258539
2501354455
2501507280
2499601937
2497816837
2500054355
2500319496
2497873904
2499678470
2501330431
2499355722
2500633057
2501522544
2501367131
2500167188
2499973513
2500697296
2500281820
2501276414
2499519956
2501541778
2499976069
2501274586
2499550788
2501299964
2499628969
2501196574
2501403763
2498480214
2502254301
2500531885
2499585005
2498392953
2498023361
2499743256
2498585566
2499974580
2498231051
2498640501
2497842854
2499635294
2498384508
2500291612
2500124793
2500494111
2500602475
2497921715
2499750047
2500701811
2499520641
2497699997
2499342404
2500463304
2497705477
2502468022
2497664327
2500451764
2501196122
2501421661
2498405202
2499530444
2498137920
2500242948
2501484851
2499749840
2499428341
2499515400
2502428488
2497616966
2500436048
2500136921
2501821411
2501692574
2499650755
2498564983
2498250205
2501751942
2502337341
2501444385
2500075875
2500566794
2502067391
2501838031
2502334237
2500312678
2499593127
2502300053
2499963684
2499463641
2498710340
2499760534
2499671864
2502229077
2500711224
2497842853
2497640579
2501399061
2497833919
2500556456
2497648657
2502312805
2501404000
2497894655
2500310617
2497838246
2500346914
2500386763
2499312872
2501590903
2498378923
2501473499
2498518552
2498429153
2499658335
2502459807
2497896858
2498544820
2499314200
2499610296
2500407986
2501546090
2500634754
2499665959
2500019474
2500422849
2500471092
2502069235
2499882149
2498404921
2498359853
2502249002
2498567770
2501753894
2502229839
2499506966
2498404033
2500239919
2498642457
2501715523
2501290629
2498630715
2497623238
2499983397
2501716158
2497745248
2499866362
2499313541
2501505233
2498234751
2497712012
2499722874
2498349121
2502490200
2500484666
2500154803
2500421315
2498244568
2500312037
2499708440
2499724753
2499589383
2500586151
2502041732
2500267317
2500582063
2500390418
2500357900
2500270726
2500463355
2499698156
2500060138
2497723054
2500436799
2502321957
2498774576
2500426626
2499748265
2498589471
2502129232
2500187730
2497606238
2501550870
2500694556
2499270801
2501674665
2500274673
2499635454
2499289348
2499451023
2502394037
2500489904
2499524488
2500471541
2498110973
2499673522
2497443020
2500136390
2497666639
2500186216
2500374547
2499885624
2502178501
2499830666
2501247067
2500292316
2501884384
2500408139
2499705919
2501617330
2497684754
2502179064
2500277676
2501152095
2499508291
2498444730
2499722924
2499385067
2500358716
2500417326
2499612349
2499526656
2499962477
2502066517
2502005950
2499991671
2500507218
2497837652
2499619869
2500665773
2500573812
2500408339
2499612687
2499570213
2501334783
2501533413
2499328854
2501506355
2500294323
2500224844
2499716258
2502425252
2500520771
2497697085
2499464066
2501544385
2499721847
2500482861
2501571866
2499784145
2502461953
2497903197
2499790552
2499673248
2498602537
2498430592
2501378544
2500265461
2497683576
2501598330
2500011479
2499360413
2500143260
2501379450
2499854536
2500232648
2500403959
2501399273
2499764750
2502266998
2498206849
2502106282
2500244334
2499764682
2500223789
2499686453
2498556067
2501485550
2501595113
2499628020
2501706317
2502126032
2502376031
2501570341
2500126511
2501360496
2500232636
2498407751
2497788583
2500372799
2497630543
2500374561
2501568651
2498430760
2499803135
2499588009
2502081826
2498604878
2501577870
2500328479
2500518811
2499536107
2502094981
2502051698
2501299416
2500496148
2499725811
2499484096
2500453962
2497815556
2502099109
2497693185
2500356448
2501577802
2501426013
2502310498
2501908046
2502207428
2500370873
2502340919
2500244660
2498555960
2499747519
2500565503
2502085227
2497499637
2500476919
2499470209
2500283656
2499546950
2498186110
2499414278
2502066568
2499412801
2502075932
2502308190
2499812219
2497490613
2499577968
2498630054
2499655316
2500452408
2497905277
2501615789
2498359745
2498407880
2499785095
2498694054
2499517203
2498444046
2502427914
2499920145
2499884922
2500603278
2498567049
2499451291
2500187135
2500308563
2500241192
2498394585
2501372093
2502129118
2500221633
2502230837
2500224469
2498617939
2498535297
2498550916
2497897817
2498381999
2497708280
2500494304
2498812962
2498369972
2499346247
2499530283
2499773367
2499587551
2499712364
2500554883
2498592247
2498586909
2497927502
2498118283
2500325761
2500510927
2500149448
2501867586
2498524554
2499745960
2499638083
2498464395
2501669412
2501548610
2500345085
2499234220
2500260675
2502139055
2502085644
2498600510
2502059009
2497770002
2500188766
2499563842
2498543175
2499945566
2500439262
2500302877
2497933033
2499776274
2501532371
2500404933
2498740670
2501288114
2500440140
2500402647
2497676313
2497811692
2498604971
2500398023
2499595360
2502338448
2501160551
2499508015
2498471486
2498362059
2499762986
2500451784
2502149970
2500086798
2497625688
2500257967
2498230469
2499696949
2500384414
2499939848
2500212934
2501376294
2499582640
2498506370
2499769561
2500226198
2499775269
2497539594
2498357218
2500468125
2499693410
2498199349
2498490453
2499664182
2500343339
2500284208
2499423903
2500323033
2502193620
2497860678
2500355374
2498533126
2498328585
2499646154
2500047491
2502411764
2499776090
2499760813
2498373545
2500403217
2501626114
2500125083
2500432394
2499836758
2500235853
2499649378
2497902818
2499637077
2500037373
2501801651
2500436112
2501347924
2499474554
2498639611
2497675535
2499741772
2500231651
2500394300
2497829219
2499270187
2499688969
2501550062
2498184218
2499568993
2501499513
2497731398
2500034026
2499535357
2499777163
2497624754
2501158741
2497535842
2498006379
2497835465
2498590513
2497789419
2500288478
2500054869
2499714422
2501146613
2500174342
2499790287
2500511381
2500083924
2501628627
2499863294
2500275919
2500151706
2498334588
2500018318
2500584879
2501481440
2499282417
2500275013
2499672596
2497884266
2501576012
2498737665
2499638389
2501471204
2502322414
2502499020
2499700921
2500305757
2497666940
2497641497
2500029871
2499880993
2498339203
2498811693
2501485641
2498628436
2501331165
2501294534
2498053363
2500341021
2500179323
2502328885
2502109515
2501962277
2500623243
2500457157
2499423831
2500442549
2499541269
2498565847
2502260732
2500466180
2500662100
2499323148
2501637743
2502206791
2502111650
2502249978
2499452310
2499453398
2502200874
2498191927
2501361635
2498389981
2499668994
2500052132
2499729595
2497909180
2499677324
2497663015
2499715478
2499461479
2501415527
2497627437
2499872718
2500211263
2500164696
2502473972
2499972187
2497575171
2499760974
2499698867
2500444053
2498615764
2499492347
2499827134
2499716258
2497900279
2500254649
2502037717
2498117033
2497606738
2497788391
2498605654
2500604267
2499541272
2499599108
2499623130
2499398846
2501339211
2502253934
2502034401
2502097322
2499496665
2498394356
2502301468
2500229074
2500206371
2501462472
2500237960
2498739071
2499373016
2501833345
2499868685
2499522803
2499340241
2502090963
2497843320
2499492413
2500282759
2500185828
2499635442
2501354888
2502273798
2497709483
2501311926
2500425906
2501350083
2502150824
2501667002
2501822028
2499445866
2499775899
2499525459
2501915756
2502136529
2497710352
2499822967
2498405789
2501908939
2499695591
2500486626
2499593304
2500635326
2502314198
2500150691
2498753783
2500046948
2499538718
2499513602
2501769439
2500223651
2502287768
2502173412
2498744168
2498416684
2501602672
2500355393
2501170121
2499741875
2501570909
2498560542
2498450781
2497701090
2501315323
2502446777
2499517609
2501727591
2499463311
2502040345
2501330559
2500251156
