716768
716768
487686
112018
81640
81409
274731
315043
123374
240381
688184
418501
585779
553652
365348
682255
536389
468830
9973
695379
114084
28299
65793
77086
413034
342323
254301
95051
5585
481350
344331
539906
505554
434222
479657
227397
295362
243902
84
468709
10446
67229
115200
310149
364525
703948
27138
438772
421479
87835
708037
443093
415579
6225
682441
14380
524650
341547
565075
446753
127713
651188
280043
516992
312332
641022
35703
97108
316940
139849
69342
313276
525038
35060
288801
712043
419115
646199
695262
213541
10729
27253
160334
117815
55675
374922
57252
66613
653334
84775
647249
668302
38812
