2711648623
864605056
1415229094
847600475
1966017612
1517304983
1148385072
3372683740
921716850
3712320597
2816649381
2893429592
1524641114
1094464659
3643549151
3282996546
2157520142
2453131311
2921396193
4031117960
612888634
349839336
3952099020
4129417795
1333313498
1391952124
801814588
4106354274
560601433
882248875
1115135298
2657081444
2264806777
1298290923
2233546739
2893582733
2669262539
21141813
4046622047
2124811958
2419060096
3701948507
1755171919
2826120440
2208571465
2524782953
3910553088
3722377822
3239255408
4058470265
3381846987
3868358464
2461696620
543788841
482302213
1476309246
2168706631
1792415519
239053272
2612279963
3003971632
1639613833
647596888
1103645357
830494843
2521422208
2507700187
4046967211
2747332294
2461107591
3378065197
3026517286
445666494
3877231995
2108312093
1500507713
1608506172
868936461
864108294
3333579720
3313725019
2714412054
3787914051
2010901115
1641438638
1788018259
3709941848
2955217526
3665305610
3991767008
792644848
2711648623
