3302347583
1274034818
3228937952
3088554883
3488681227
1992114287
3054306438
3094138167
2233514304
723451976
3233690613
1944963584
2370046384
2143168672
1602671642
2889806991
122814492
1931838478
432675137
3020834061
335107761
2404357211
2679723628
2374653634
2232206802
2955907168
829644716
445661340
940158377
1794169265
3879672772
546161747
1446478216
1736892721
3651420854
1503141066
1044027557
31363341
802641368
3574921288
2715794706
3011254207
1017128108
541770086
314878969
2860919984
1868295675
378544521
2096955761
3998646495
2603443419
2046428912
3943758276
1430516458
585436036
1269444144
1337128367
3847772968
4107363832
1370736581
2234550401
2961574515
2872201980
348065972
1020600572
320862394
74138209
4096635981
766522739
686232840
3437005867
1957432480
4049963017
454364627
934250093
1957103500
2887940157
1691488934
844408214
1781731478
468304206
3140338811
700638399
2611059999
2853627449
178309753
1817327341
3576034736
596931133
68317049
2705341264
